08-03-2021 21:59:48 - RasmusLerdorf has not filled out the required fields.
03-03-2021 22:43:48 - AlmirM has added a news CodeIgniter Almir Session 2.
03-03-2021 22:42:00 - AlmirM has added a news Laravel Almir Session.
03-03-2021 22:32:59 - AlmirM has added a news Almir Session 2.
03-03-2021 22:30:38 - AlmirM has added a news Laravel Almir Session.
03-03-2021 22:28:33 - AlmirM has not filled out the required fields.
03-03-2021 22:27:00 - AlmirM has not filled out the required fields.
03-03-2021 19:43:26 - Almir has added a news Laravel Almir.
03-03-2021 19:41:21 - Almir has added a news Laravel Seha I.
03-03-2021 19:37:22 - Almir has added a news Laravel Seha.
03-03-2021 19:36:34 - Almir Database error Unknown column 'category_name' in 'field list'
03-03-2021 19:34:32 - Almir Database error Unknown column 'name' in 'field list'
03-03-2021 19:25:11 - Almir has deleted news 19.
03-03-2021 19:22:59 - Almir has deleted news 20.
03-03-2021 17:09:53 - Almir has added a news Laravel in Bosnia.
03-03-2021 14:20:30 - Almir has deleted news 18.
03-03-2021 14:20:17 - Almir has deleted news 19.
03-03-2021 13:23:39 - Almir has deleted news 20.
03-03-2021 13:22:23 - Almir has not managed to delete news 20. Error: ()
03-03-2021 13:20:42 - Almir has not managed to delete news 20. Error: ()
03-03-2021 13:19:28 - Almir has not managed to delete news 20. Error: ()
03-03-2021 13:17:48 - Almir has not managed to delete news 20. Error: ()
03-03-2021 13:16:19 - Almir has not managed to delete news 20. Error: ()
03-03-2021 13:15:25 - Almir has not managed to delete news 20.
03-03-2021 11:32:09 - Almir has added a news Laravel with Tailwind.
03-03-2021 10:00:19 - Almir has added a news CodeIgniter.
03-03-2021 09:48:33 - Almir has added a news Laravel 8 release.
03-03-2021 09:46:44 - Almir has added a news PHP is coming back.
